<?xml version="1.0" encoding="UTF-8"?>
<!-- Generated by org.testng.reporters.JUnitXMLReporter -->
<testsuite ignored="0" hostname="WIN-46969103703" failures="0" tests="3" name="Test" time="11.814" errors="0" timestamp="2022-11-21T11:46:57 IST">
  <testcase classname="testBase.TestBase" name="@BeforeMethod LaunchApplication" time="11.218">
    <failure type="org.openqa.selenium.WebDriverException" message="unknown error: no chrome binary at /usr/bin/google-chrome
Build info: version: &amp;apos;3.141.59&amp;apos;, revision: &amp;apos;e82be7d358&amp;apos;, time: &amp;apos;2018-11-14T08:17:03&amp;apos;
System info: host: &amp;apos;WIN-46969103703&amp;apos;, ip: &amp;apos;10.186.245.22&amp;apos;, os.name: &amp;apos;Windows 10&amp;apos;, os.arch: &amp;apos;amd64&amp;apos;, os.version: &amp;apos;10.0&amp;apos;, java.version: &amp;apos;17&amp;apos;
Driver info: driver.version: ChromeDriver
remote stacktrace: Backtrace:
	Ordinal0 [0x0056ACD3+2075859]
	Ordinal0 [0x004FEE61+1633889]
	Ordinal0 [0x003FB7BD+571325]
	Ordinal0 [0x004188E5+690405]
	Ordinal0 [0x00416BE9+682985]
	Ordinal0 [0x0044DBD3+908243]
	Ordinal0 [0x0044D6AA+906922]
	Ordinal0 [0x00447136+880950]
	Ordinal0 [0x0041FEFD+720637]
	Ordinal0 [0x00420F3F+724799]
	GetHandleVerifier [0x0081EED2+2769538]
	GetHandleVerifier [0x00810D95+2711877]
	GetHandleVerifier [0x005FA03A+521194]
	GetHandleVerifier [0x005F8DA0+516432]
	Ordinal0 [0x0050682C+1665068]
	Ordinal0 [0x0050B128+1683752]
	Ordinal0 [0x0050B215+1683989]
	Ordinal0 [0x00516484+1729668]
	BaseThreadInitThunk [0x758EFA29+25]
	RtlGetAppContainerNamedObjectPath [0x773F7BBE+286]
	RtlGetAppContainerNamedObjectPath [0x773F7B8E+238]
">
      <![CDATA[org.openqa.selenium.WebDriverException: unknown error: no chrome binary at /usr/bin/google-chrome
Build info: version: '3.141.59', revision: 'e82be7d358', time: '2018-11-14T08:17:03'
System info: host: 'WIN-46969103703', ip: '10.186.245.22', os.name: 'Windows 10', os.arch: 'amd64', os.version: '10.0', java.version: '17'
Driver info: driver.version: ChromeDriver
remote stacktrace: Backtrace:
Ordinal0 [0x0056ACD3+2075859]
Ordinal0 [0x004FEE61+1633889]
Ordinal0 [0x003FB7BD+571325]
Ordinal0 [0x004188E5+690405]
Ordinal0 [0x00416BE9+682985]
Ordinal0 [0x0044DBD3+908243]
Ordinal0 [0x0044D6AA+906922]
Ordinal0 [0x00447136+880950]
Ordinal0 [0x0041FEFD+720637]
Ordinal0 [0x00420F3F+724799]
GetHandleVerifier [0x0081EED2+2769538]
GetHandleVerifier [0x00810D95+2711877]
GetHandleVerifier [0x005FA03A+521194]
GetHandleVerifier [0x005F8DA0+516432]
Ordinal0 [0x0050682C+1665068]
Ordinal0 [0x0050B128+1683752]
Ordinal0 [0x0050B215+1683989]
Ordinal0 [0x00516484+1729668]
BaseThreadInitThunk [0x758EFA29+25]
RtlGetAppContainerNamedObjectPath [0x773F7BBE+286]
RtlGetAppContainerNamedObjectPath [0x773F7B8E+238]

at org.openqa.selenium.remote.W3CHandshakeResponse.lambda$errorHandler$0(W3CHandshakeResponse.java:62)
at org.openqa.selenium.remote.HandshakeResponse.lambda$getResponseFunction$0(HandshakeResponse.java:30)
at org.openqa.selenium.remote.ProtocolHandshake.lambda$createSession$0(ProtocolHandshake.java:126)
at java.base/java.util.stream.ReferencePipeline$3$1.accept(ReferencePipeline.java:197)
at java.base/java.util.Spliterators$ArraySpliterator.tryAdvance(Spliterators.java:1002)
at java.base/java.util.stream.ReferencePipeline.forEachWithCancel(ReferencePipeline.java:129)
at java.base/java.util.stream.AbstractPipeline.copyIntoWithCancel(AbstractPipeline.java:527)
at java.base/java.util.stream.AbstractPipeline.copyInto(AbstractPipeline.java:513)
at java.base/java.util.stream.AbstractPipeline.wrapAndCopyInto(AbstractPipeline.java:499)
at java.base/java.util.stream.FindOps$FindOp.evaluateSequential(FindOps.java:150)
at java.base/java.util.stream.AbstractPipeline.evaluate(AbstractPipeline.java:234)
at java.base/java.util.stream.ReferencePipeline.findFirst(ReferencePipeline.java:647)
at org.openqa.selenium.remote.ProtocolHandshake.createSession(ProtocolHandshake.java:128)
at org.openqa.selenium.remote.ProtocolHandshake.createSession(ProtocolHandshake.java:74)
at org.openqa.selenium.remote.HttpCommandExecutor.execute(HttpCommandExecutor.java:136)
at org.openqa.selenium.remote.service.DriverCommandExecutor.execute(DriverCommandExecutor.java:83)
at org.openqa.selenium.remote.RemoteWebDriver.execute(RemoteWebDriver.java:552)
at org.openqa.selenium.remote.RemoteWebDriver.startSession(RemoteWebDriver.java:213)
at org.openqa.selenium.remote.RemoteWebDriver.<init>(RemoteWebDriver.java:131)
at org.openqa.selenium.chrome.ChromeDriver.<init>(ChromeDriver.java:181)
at org.openqa.selenium.chrome.ChromeDriver.<init>(ChromeDriver.java:168)
at org.openqa.selenium.chrome.ChromeDriver.<init>(ChromeDriver.java:157)
at testBase.BrowserFactory.createBrowserInstance(BrowserFactory.java:45)
at testBase.TestBase.LaunchApplication(TestBase.java:25)
at java.base/java.util.ArrayList.forEach(ArrayList.java:1511)
at java.base/java.util.concurrent.FutureTask.run(FutureTask.java:264)
at java.base/java.util.concurrent.ThreadPoolExecutor.runWorker(ThreadPoolExecutor.java:1136)
at java.base/java.util.concurrent.ThreadPoolExecutor$Worker.run(ThreadPoolExecutor.java:635)
at java.base/java.lang.Thread.run(Thread.java:833)
... Removed 27 stack frames]]>
    </failure>
  </testcase> <!-- @BeforeMethod LaunchApplication -->
  <testcase classname="testBase.TestBase" name="@AfterMethod tearDown" time="-1.669011417442E9">
    <skipped/>
  </testcase> <!-- @AfterMethod tearDown -->
  <testcase classname="testBase.TestBase" name="@BeforeMethod LaunchApplication" time="-1.669011417447E9">
    <skipped/>
  </testcase> <!-- @BeforeMethod LaunchApplication -->
  <testcase classname="testBase.TestBase" name="@AfterMethod tearDown" time="-1.669011417452E9">
    <skipped/>
  </testcase> <!-- @AfterMethod tearDown -->
  <testcase classname="testBase.TestBase" name="@BeforeMethod LaunchApplication" time="-1.669011417453E9">
    <skipped/>
  </testcase> <!-- @BeforeMethod LaunchApplication -->
  <testcase classname="testBase.TestBase" name="@AfterMethod tearDown" time="-1.669011417458E9">
    <skipped/>
  </testcase> <!-- @AfterMethod tearDown -->
  <testcase classname="testcases.Regression.RegressionTestCases" name="TC1" time="0.0">
    <skipped/>
  </testcase> <!-- TC1 -->
  <testcase classname="testcases.Regression.RegressionTestCases" name="TC2" time="0.0">
    <skipped/>
  </testcase> <!-- TC2 -->
  <testcase classname="testcases.Regression.RegressionTestCases" name="TC3" time="0.0">
    <skipped/>
  </testcase> <!-- TC3 -->
</testsuite> <!-- Test -->
