<?xml version="1.0" encoding="UTF-8"?>
<!-- Generated by org.testng.reporters.JUnitReportReporter -->
<testsuite hostname="WIN-46969103703" failures="0" tests="4" name="testcases.Regression.RegressionTestCases" time="11.218" errors="1" timestamp="2022-11-21T11:46:58 IST" skipped="3">
  <testcase classname="testcases.Regression.RegressionTestCases" name="LaunchApplication" time="11.218">
    <error message="unknown error: no chrome binary at /usr/bin/google-chrome
Build info: version: &#039;3.141.59&#039;, revision: &#039;e82be7d358&#039;, time: &#039;2018-11-14T08:17:03&#039;
System info: host: &#039;WIN-46969103703&#039;, ip: &#039;10.186.245.22&#039;, os.name: &#039;Windows 10&#039;, os.arch: &#039;amd64&#039;, os.version: &#039;10.0&#039;, java.version: &#039;17&#039;
Driver info: driver.version: ChromeDriver
remote stacktrace: Backtrace:
	Ordinal0 [0x0056ACD3+2075859]
	Ordinal0 [0x004FEE61+1633889]
	Ordinal0 [0x003FB7BD+571325]
	Ordinal0 [0x004188E5+690405]
	Ordinal0 [0x00416BE9+682985]
	Ordinal0 [0x0044DBD3+908243]
	Ordinal0 [0x0044D6AA+906922]
	Ordinal0 [0x00447136+880950]
	Ordinal0 [0x0041FEFD+720637]
	Ordinal0 [0x00420F3F+724799]
	GetHandleVerifier [0x0081EED2+2769538]
	GetHandleVerifier [0x00810D95+2711877]
	GetHandleVerifier [0x005FA03A+521194]
	GetHandleVerifier [0x005F8DA0+516432]
	Ordinal0 [0x0050682C+1665068]
	Ordinal0 [0x0050B128+1683752]
	Ordinal0 [0x0050B215+1683989]
	Ordinal0 [0x00516484+1729668]
	BaseThreadInitThunk [0x758EFA29+25]
	RtlGetAppContainerNamedObjectPath [0x773F7BBE+286]
	RtlGetAppContainerNamedObjectPath [0x773F7B8E+238]
" type="org.openqa.selenium.WebDriverException">
      <![CDATA[org.openqa.selenium.WebDriverException: unknown error: no chrome binary at /usr/bin/google-chrome
Build info: version: '3.141.59', revision: 'e82be7d358', time: '2018-11-14T08:17:03'
System info: host: 'WIN-46969103703', ip: '10.186.245.22', os.name: 'Windows 10', os.arch: 'amd64', os.version: '10.0', java.version: '17'
Driver info: driver.version: ChromeDriver
remote stacktrace: Backtrace:
Ordinal0 [0x0056ACD3+2075859]
Ordinal0 [0x004FEE61+1633889]
Ordinal0 [0x003FB7BD+571325]
Ordinal0 [0x004188E5+690405]
Ordinal0 [0x00416BE9+682985]
Ordinal0 [0x0044DBD3+908243]
Ordinal0 [0x0044D6AA+906922]
Ordinal0 [0x00447136+880950]
Ordinal0 [0x0041FEFD+720637]
Ordinal0 [0x00420F3F+724799]
GetHandleVerifier [0x0081EED2+2769538]
GetHandleVerifier [0x00810D95+2711877]
GetHandleVerifier [0x005FA03A+521194]
GetHandleVerifier [0x005F8DA0+516432]
Ordinal0 [0x0050682C+1665068]
Ordinal0 [0x0050B128+1683752]
Ordinal0 [0x0050B215+1683989]
Ordinal0 [0x00516484+1729668]
BaseThreadInitThunk [0x758EFA29+25]
RtlGetAppContainerNamedObjectPath [0x773F7BBE+286]
RtlGetAppContainerNamedObjectPath [0x773F7B8E+238]

at java.base/jdk.internal.reflect.NativeConstructorAccessorImpl.newInstance0(Native Method)
at java.base/jdk.internal.reflect.NativeConstructorAccessorImpl.newInstance(NativeConstructorAccessorImpl.java:77)
at java.base/jdk.internal.reflect.DelegatingConstructorAccessorImpl.newInstance(DelegatingConstructorAccessorImpl.java:45)
at java.base/java.lang.reflect.Constructor.newInstanceWithCaller(Constructor.java:499)
at java.base/java.lang.reflect.Constructor.newInstance(Constructor.java:480)
at org.openqa.selenium.remote.W3CHandshakeResponse.lambda$errorHandler$0(W3CHandshakeResponse.java:62)
at org.openqa.selenium.remote.HandshakeResponse.lambda$getResponseFunction$0(HandshakeResponse.java:30)
at org.openqa.selenium.remote.ProtocolHandshake.lambda$createSession$0(ProtocolHandshake.java:126)
at java.base/java.util.stream.ReferencePipeline$3$1.accept(ReferencePipeline.java:197)
at java.base/java.util.Spliterators$ArraySpliterator.tryAdvance(Spliterators.java:1002)
at java.base/java.util.stream.ReferencePipeline.forEachWithCancel(ReferencePipeline.java:129)
at java.base/java.util.stream.AbstractPipeline.copyIntoWithCancel(AbstractPipeline.java:527)
at java.base/java.util.stream.AbstractPipeline.copyInto(AbstractPipeline.java:513)
at java.base/java.util.stream.AbstractPipeline.wrapAndCopyInto(AbstractPipeline.java:499)
at java.base/java.util.stream.FindOps$FindOp.evaluateSequential(FindOps.java:150)
at java.base/java.util.stream.AbstractPipeline.evaluate(AbstractPipeline.java:234)
at java.base/java.util.stream.ReferencePipeline.findFirst(ReferencePipeline.java:647)
at org.openqa.selenium.remote.ProtocolHandshake.createSession(ProtocolHandshake.java:128)
at org.openqa.selenium.remote.ProtocolHandshake.createSession(ProtocolHandshake.java:74)
at org.openqa.selenium.remote.HttpCommandExecutor.execute(HttpCommandExecutor.java:136)
at org.openqa.selenium.remote.service.DriverCommandExecutor.execute(DriverCommandExecutor.java:83)
at org.openqa.selenium.remote.RemoteWebDriver.execute(RemoteWebDriver.java:552)
at org.openqa.selenium.remote.RemoteWebDriver.startSession(RemoteWebDriver.java:213)
at org.openqa.selenium.remote.RemoteWebDriver.<init>(RemoteWebDriver.java:131)
at org.openqa.selenium.chrome.ChromeDriver.<init>(ChromeDriver.java:181)
at org.openqa.selenium.chrome.ChromeDriver.<init>(ChromeDriver.java:168)
at org.openqa.selenium.chrome.ChromeDriver.<init>(ChromeDriver.java:157)
at testBase.BrowserFactory.createBrowserInstance(BrowserFactory.java:45)
at testBase.TestBase.LaunchApplication(TestBase.java:25)
at java.base/jdk.internal.reflect.NativeMethodAccessorImpl.invoke0(Native Method)
at java.base/jdk.internal.reflect.NativeMethodAccessorImpl.invoke(NativeMethodAccessorImpl.java:77)
at java.base/jdk.internal.reflect.DelegatingMethodAccessorImpl.invoke(DelegatingMethodAccessorImpl.java:43)
at java.base/java.lang.reflect.Method.invoke(Method.java:568)
at org.testng.internal.MethodInvocationHelper.invokeMethod(MethodInvocationHelper.java:134)
at org.testng.internal.MethodInvocationHelper.invokeMethodConsideringTimeout(MethodInvocationHelper.java:63)
at org.testng.internal.ConfigInvoker.invokeConfigurationMethod(ConfigInvoker.java:348)
at org.testng.internal.ConfigInvoker.invokeConfigurations(ConfigInvoker.java:302)
at org.testng.internal.TestInvoker.runConfigMethods(TestInvoker.java:695)
at org.testng.internal.TestInvoker.invokeMethod(TestInvoker.java:523)
at org.testng.internal.TestInvoker.invokeTestMethod(TestInvoker.java:173)
at org.testng.internal.MethodRunner.runInSequence(MethodRunner.java:46)
at org.testng.internal.TestInvoker$MethodInvocationAgent.invoke(TestInvoker.java:816)
at org.testng.internal.TestInvoker.invokeTestMethods(TestInvoker.java:146)
at org.testng.internal.TestMethodWorker.invokeTestMethods(TestMethodWorker.java:146)
at org.testng.internal.TestMethodWorker.run(TestMethodWorker.java:128)
at java.base/java.util.ArrayList.forEach(ArrayList.java:1511)
at org.testng.TestRunner.privateRun(TestRunner.java:766)
at org.testng.TestRunner.run(TestRunner.java:587)
at org.testng.SuiteRunner.runTest(SuiteRunner.java:384)
at org.testng.SuiteRunner.access$000(SuiteRunner.java:28)
at org.testng.SuiteRunner$SuiteWorker.run(SuiteRunner.java:425)
at org.testng.internal.thread.ThreadUtil.lambda$execute$0(ThreadUtil.java:68)
at java.base/java.util.concurrent.FutureTask.run(FutureTask.java:264)
at java.base/java.util.concurrent.ThreadPoolExecutor.runWorker(ThreadPoolExecutor.java:1136)
at java.base/java.util.concurrent.ThreadPoolExecutor$Worker.run(ThreadPoolExecutor.java:635)
at java.base/java.lang.Thread.run(Thread.java:833)
]]>
    </error>
  </testcase> <!-- LaunchApplication -->
  <system-out/>
  <testcase classname="testcases.Regression.RegressionTestCases" name="TC1" time="0.000">
    <skipped/>
  </testcase> <!-- TC1 -->
  <system-out/>
  <testcase classname="testcases.Regression.RegressionTestCases" name="TC2" time="0.000">
    <skipped/>
  </testcase> <!-- TC2 -->
  <system-out/>
  <testcase classname="testcases.Regression.RegressionTestCases" name="TC3" time="0.000">
    <skipped/>
  </testcase> <!-- TC3 -->
  <system-out/>
</testsuite> <!-- testcases.Regression.RegressionTestCases -->
